# JRE version: OpenJDK Runtime Environment Temurin-21.0.12.1+1 (21.0.12.1+1) (build 21.0.12.1+1-LTS)
# Java VM: OpenJDK 64-Bit Server VM Temurin-21.0.12.1+1 (21.0.12.1+1-LTS, mixed mode, sharing, tiered, compressed oops, compressed class ptrs, g1 gc, windows-amd64)
GC Precious Log:
 CardTable entry size: 512
 Card Set container configuration: InlinePtr #cards 5 size 8 Array Of Cards #cards 12 size 40 Howl #buckets 4 coarsen threshold 1843 Howl Bitmap #cards 512 size 80 coarsen threshold 460 Card regions per heap region 1 cards per card region 2048
 CPUs: 16 total, 16 available
 Memory: 23820M
 Large Page Support: Disabled
 NUMA Support: Disabled
 Compressed Oops: Enabled (32-bit)
 Heap Region Size: 1M
 Heap Min Capacity: 8M
 Heap Initial Capacity: 374M
 Heap Max Capacity: 1536M
 Pre-touch: Disabled
 Parallel Workers: 13
 Concurrent Workers: 3
 Concurrent Refinement Workers: 13
 Periodic GC: Disabled
Heap:
 garbage-first heap   total 125952K, used 64998K [0x00000000a0000000, 0x0000000100000000)
  region size 1024K, 15 young (15360K), 3 survivors (3072K)
 Metaspace       used 51719K, committed 53440K, reserved 1114112K
  class space    used 7471K, committed 8320K, reserved 1048576K
GC Heap History (20 events):
Event: 0.268 GC heap before
{Heap before GC invocations=0 (full 0):
 garbage-first heap   total 382976K, used 23552K [0x00000000a0000000, 0x0000000100000000)
  region size 1024K, 23 young (23552K), 0 survivors (0K)
 Metaspace       used 906K, committed 1024K, reserved 1114112K
  class space    used 72K, committed 128K, reserved 1048576K
}
Event: 0.270 GC heap after
{Heap after GC invocations=1 (full 0):
 garbage-first heap   total 382976K, used 1648K [0x00000000a0000000, 0x0000000100000000)
  region size 1024K, 2 young (2048K), 2 survivors (2048K)
 Metaspace       used 906K, committed 1024K, reserved 1114112K
  class space    used 72K, committed 128K, reserved 1048576K
}
Event: 0.722 GC heap before
{Heap before GC invocations=1 (full 0):
 garbage-first heap   total 382976K, used 40560K [0x00000000a0000000, 0x0000000100000000)
  region size 1024K, 38 young (38912K), 2 survivors (2048K)
 Metaspace       used 4458K, committed 4672K, reserved 1114112K
  class space    used 557K, committed 640K, reserved 1048576K
}
Event: 0.725 GC heap after
{Heap after GC invocations=2 (full 0):
 garbage-first heap   total 382976K, used 11003K [0x00000000a0000000, 0x0000000100000000)
  region size 1024K, 5 young (5120K), 5 survivors (5120K)
 Metaspace       used 4458K, committed 4672K, reserved 1114112K
  class space    used 557K, committed 640K, reserved 1048576K
}
Event: 2.404 GC heap before
{Heap before GC invocations=2 (full 0):
 garbage-first heap   total 382976K, used 162555K [0x00000000a0000000, 0x0000000100000000)
  region size 1024K, 152 young (155648K), 5 survivors (5120K)
 Metaspace       used 20891K, committed 21504K, reserved 1114112K
  class space    used 3070K, committed 3328K, reserved 1048576K
}
Event: 2.412 GC heap after
{Heap after GC invocations=3 (full 0):
 garbage-first heap   total 382976K, used 23927K [0x00000000a0000000, 0x0000000100000000)
  region size 1024K, 17 young (17408K), 17 survivors (17408K)
 Metaspace       used 20891K, committed 21504K, reserved 1114112K
  class space    used 3070K, committed 3328K, reserved 1048576K
}
Event: 3.244 GC heap before
{Heap before GC invocations=4 (full 0):
 garbage-first heap   total 81920K, used 81271K [0x00000000a0000000, 0x0000000100000000)
  region size 1024K, 73 young (74752K), 17 survivors (17408K)
 Metaspace       used 28565K, committed 29504K, reserved 1114112K
  class space    used 4263K, committed 4736K, reserved 1048576K
}
Event: 3.253 GC heap after
{Heap after GC invocations=5 (full 0):
 garbage-first heap   total 104448K, used 28642K [0x00000000a0000000, 0x0000000100000000)
  region size 1024K, 17 young (17408K), 17 survivors (17408K)
 Metaspace       used 28565K, committed 29504K, reserved 1114112K
  class space    used 4263K, committed 4736K, reserved 1048576K
}
Event: 3.817 GC heap before
{Heap before GC invocations=5 (full 0):
 garbage-first heap   total 104448K, used 72674K [0x00000000a0000000, 0x0000000100000000)
  region size 1024K, 61 young (62464K), 17 survivors (17408K)
 Metaspace       used 33445K, committed 34496K, reserved 1114112K
  class space    used 4820K, committed 5312K, reserved 1048576K
}
Event: 3.823 GC heap after
{Heap after GC invocations=6 (full 0):
 garbage-first heap   total 104448K, used 32216K [0x00000000a0000000, 0x0000000100000000)
  region size 1024K, 8 young (8192K), 8 survivors (8192K)
 Metaspace       used 33445K, committed 34496K, reserved 1114112K
  class space    used 4820K, committed 5312K, reserved 1048576K
}
Event: 3.966 GC heap before
{Heap before GC invocations=6 (full 0):
 garbage-first heap   total 104448K, used 45528K [0x00000000a0000000, 0x0000000100000000)
  region size 1024K, 18 young (18432K), 8 survivors (8192K)
 Metaspace       used 35088K, committed 36096K, reserved 1114112K
  class space    used 4972K, committed 5440K, reserved 1048576K
}
Event: 3.968 GC heap after
{Heap after GC invocations=7 (full 0):
 garbage-first heap   total 104448K, used 33684K [0x00000000a0000000, 0x0000000100000000)
  region size 1024K, 6 young (6144K), 6 survivors (6144K)
 Metaspace       used 35088K, committed 36096K, reserved 1114112K
  class space    used 4972K, committed 5440K, reserved 1048576K
}
Event: 4.690 GC heap before
{Heap before GC invocations=8 (full 0):
 garbage-first heap   total 104448K, used 86932K [0x00000000a0000000, 0x0000000100000000)
  region size 1024K, 58 young (59392K), 6 survivors (6144K)
 Metaspace       used 40728K, committed 42176K, reserved 1114112K
  class space    used 5902K, committed 6592K, reserved 1048576K
}
Event: 4.694 GC heap after
{Heap after GC invocations=9 (full 0):
 garbage-first heap   total 125952K, used 37875K [0x00000000a0000000, 0x0000000100000000)
  region size 1024K, 6 young (6144K), 6 survivors (6144K)
 Metaspace       used 40728K, committed 42176K, reserved 1114112K
  class space    used 5902K, committed 6592K, reserved 1048576K
}
Event: 5.676 GC heap before
{Heap before GC invocations=9 (full 0):
 garbage-first heap   total 125952K, used 107507K [0x00000000a0000000, 0x0000000100000000)
  region size 1024K, 73 young (74752K), 6 survivors (6144K)
 Metaspace       used 47987K, committed 49728K, reserved 1114112K
  class space    used 6974K, committed 7872K, reserved 1048576K
}
Event: 5.680 GC heap after
{Heap after GC invocations=10 (full 0):
 garbage-first heap   total 125952K, used 41795K [0x00000000a0000000, 0x0000000100000000)
  region size 1024K, 9 young (9216K), 9 survivors (9216K)
 Metaspace       used 47987K, committed 49728K, reserved 1114112K
  class space    used 6974K, committed 7872K, reserved 1048576K
}
Event: 6.410 GC heap before
{Heap before GC invocations=10 (full 0):
 garbage-first heap   total 125952K, used 106307K [0x00000000a0000000, 0x0000000100000000)
  region size 1024K, 73 young (74752K), 9 survivors (9216K)
 Metaspace       used 50883K, committed 52608K, reserved 1114112K
  class space    used 7385K, committed 8256K, reserved 1048576K
}
Event: 6.415 GC heap after
{Heap after GC invocations=11 (full 0):
 garbage-first heap   total 125952K, used 47434K [0x00000000a0000000, 0x0000000100000000)
  region size 1024K, 10 young (10240K), 10 survivors (10240K)
 Metaspace       used 50883K, committed 52608K, reserved 1114112K
  class space    used 7385K, committed 8256K, reserved 1048576K
}
Event: 6.661 GC heap before
{Heap before GC invocations=11 (full 0):
 garbage-first heap   total 125952K, used 108874K [0x00000000a0000000, 0x0000000100000000)
  region size 1024K, 71 young (72704K), 10 survivors (10240K)
 Metaspace       used 51306K, committed 53056K, reserved 1114112K
  class space    used 7403K, committed 8256K, reserved 1048576K
}
Event: 6.665 GC heap after
{Heap after GC invocations=12 (full 0):
 garbage-first heap   total 125952K, used 49638K [0x00000000a0000000, 0x0000000100000000)
  region size 1024K, 3 young (3072K), 3 survivors (3072K)
 Metaspace       used 51306K, committed 53056K, reserved 1114112K
  class space    used 7403K, committed 8256K, reserved 1048576K
}

