# JRE version: OpenJDK Runtime Environment Temurin-21.0.12.1+1 (21.0.12.1+1) (build 21.0.12.1+1-LTS)
# Java VM: OpenJDK 64-Bit Server VM Temurin-21.0.12.1+1 (21.0.12.1+1-LTS, mixed mode, sharing, tiered, compressed oops, compressed class ptrs, parallel gc, windows-amd64)
GC Precious Log:
 CardTable entry size: 512
 CPUs: 16 total, 16 available
 Memory: 23820M
 Large Page Support: Disabled
 NUMA Support: Disabled
 Compressed Oops: Enabled (32-bit)
 Alignments: Space 512K, Generation 512K, Heap 2M
 Heap Min Capacity: 100M
 Heap Initial Capacity: 100M
 Heap Max Capacity: 2G
 Pre-touch: Disabled
 Parallel Workers: 13
Heap:
 PSYoungGen      total 16896K, used 3101K [0x00000000d5580000, 0x00000000d6d00000, 0x0000000100000000)
  eden space 16384K, 15% used [0x00000000d5580000,0x00000000d580f5b0,0x00000000d6580000)
  from space 512K, 93% used [0x00000000d6c80000,0x00000000d6cf8010,0x00000000d6d00000)
  to   space 1536K, 0% used [0x00000000d6a00000,0x00000000d6a00000,0x00000000d6b80000)
 ParOldGen       total 68608K, used 58723K [0x0000000080000000, 0x0000000084300000, 0x00000000d5580000)
  object space 68608K, 85% used [0x0000000080000000,0x0000000083958d40,0x0000000084300000)
 Metaspace       used 66451K, committed 68032K, reserved 1114112K
  class space    used 7880K, committed 8640K, reserved 1048576K
GC Heap History (20 events):
Event: 20.732 GC heap before
{Heap before GC invocations=38 (full 3):
 PSYoungGen      total 23040K, used 4787K [0x00000000d5580000, 0x00000000d7400000, 0x0000000100000000)
  eden space 16384K, 0% used [0x00000000d5580000,0x00000000d5580000,0x00000000d6580000)
  from space 6656K, 71% used [0x00000000d6580000,0x00000000d6a2cf80,0x00000000d6c00000)
  to   space 5120K, 0% used [0x00000000d6f00000,0x00000000d6f00000,0x00000000d7400000)
 ParOldGen       total 68608K, used 52961K [0x0000000080000000, 0x0000000084300000, 0x00000000d5580000)
  object space 68608K, 77% used [0x0000000080000000,0x00000000833b8488,0x0000000084300000)
 Metaspace       used 58407K, committed 59776K, reserved 1114112K
  class space    used 6543K, committed 7168K, reserved 1048576K
}
Event: 20.795 GC heap after
{Heap after GC invocations=38 (full 3):
 PSYoungGen      total 23040K, used 0K [0x00000000d5580000, 0x00000000d7400000, 0x0000000100000000)
  eden space 16384K, 0% used [0x00000000d5580000,0x00000000d5580000,0x00000000d6580000)
  from space 6656K, 0% used [0x00000000d6580000,0x00000000d6580000,0x00000000d6c00000)
  to   space 5120K, 0% used [0x00000000d6f00000,0x00000000d6f00000,0x00000000d7400000)
 ParOldGen       total 68608K, used 51290K [0x0000000080000000, 0x0000000084300000, 0x00000000d5580000)
  object space 68608K, 74% used [0x0000000080000000,0x0000000083216af0,0x0000000084300000)
 Metaspace       used 58385K, committed 59776K, reserved 1114112K
  class space    used 6537K, committed 7168K, reserved 1048576K
}
Event: 21.019 GC heap before
{Heap before GC invocations=39 (full 3):
 PSYoungGen      total 23040K, used 16383K [0x00000000d5580000, 0x00000000d7400000, 0x0000000100000000)
  eden space 16384K, 99% used [0x00000000d5580000,0x00000000d657ffe8,0x00000000d6580000)
  from space 6656K, 0% used [0x00000000d6580000,0x00000000d6580000,0x00000000d6c00000)
  to   space 5120K, 0% used [0x00000000d6f00000,0x00000000d6f00000,0x00000000d7400000)
 ParOldGen       total 68608K, used 51290K [0x0000000080000000, 0x0000000084300000, 0x00000000d5580000)
  object space 68608K, 74% used [0x0000000080000000,0x0000000083216af0,0x0000000084300000)
 Metaspace       used 59397K, committed 60864K, reserved 1114112K
  class space    used 6737K, committed 7360K, reserved 1048576K
}
Event: 21.020 GC heap after
{Heap after GC invocations=39 (full 3):
 PSYoungGen      total 17408K, used 864K [0x00000000d5580000, 0x00000000d7000000, 0x0000000100000000)
  eden space 16384K, 0% used [0x00000000d5580000,0x00000000d5580000,0x00000000d6580000)
  from space 1024K, 84% used [0x00000000d6f00000,0x00000000d6fd8000,0x00000000d7000000)
  to   space 2560K, 0% used [0x00000000d6b00000,0x00000000d6b00000,0x00000000d6d80000)
 ParOldGen       total 68608K, used 51298K [0x0000000080000000, 0x0000000084300000, 0x00000000d5580000)
  object space 68608K, 74% used [0x0000000080000000,0x0000000083218af0,0x0000000084300000)
 Metaspace       used 59397K, committed 60864K, reserved 1114112K
  class space    used 6737K, committed 7360K, reserved 1048576K
}
Event: 21.141 GC heap before
{Heap before GC invocations=40 (full 3):
 PSYoungGen      total 17408K, used 17248K [0x00000000d5580000, 0x00000000d7000000, 0x0000000100000000)
  eden space 16384K, 100% used [0x00000000d5580000,0x00000000d6580000,0x00000000d6580000)
  from space 1024K, 84% used [0x00000000d6f00000,0x00000000d6fd8000,0x00000000d7000000)
  to   space 2560K, 0% used [0x00000000d6b00000,0x00000000d6b00000,0x00000000d6d80000)
 ParOldGen       total 68608K, used 51298K [0x0000000080000000, 0x0000000084300000, 0x00000000d5580000)
  object space 68608K, 74% used [0x0000000080000000,0x0000000083218af0,0x0000000084300000)
 Metaspace       used 59761K, committed 61184K, reserved 1114112K
  class space    used 6782K, committed 7424K, reserved 1048576K
}
Event: 21.142 GC heap after
{Heap after GC invocations=40 (full 3):
 PSYoungGen      total 18944K, used 576K [0x00000000d5580000, 0x00000000d6f80000, 0x0000000100000000)
  eden space 16384K, 0% used [0x00000000d5580000,0x00000000d5580000,0x00000000d6580000)
  from space 2560K, 22% used [0x00000000d6b00000,0x00000000d6b90000,0x00000000d6d80000)
  to   space 1024K, 0% used [0x00000000d6e80000,0x00000000d6e80000,0x00000000d6f80000)
 ParOldGen       total 68608K, used 51946K [0x0000000080000000, 0x0000000084300000, 0x00000000d5580000)
  object space 68608K, 75% used [0x0000000080000000,0x00000000832bab00,0x0000000084300000)
 Metaspace       used 59761K, committed 61184K, reserved 1114112K
  class space    used 6782K, committed 7424K, reserved 1048576K
}
Event: 21.305 GC heap before
{Heap before GC invocations=41 (full 3):
 PSYoungGen      total 18944K, used 16960K [0x00000000d5580000, 0x00000000d6f80000, 0x0000000100000000)
  eden space 16384K, 100% used [0x00000000d5580000,0x00000000d6580000,0x00000000d6580000)
  from space 2560K, 22% used [0x00000000d6b00000,0x00000000d6b90000,0x00000000d6d80000)
  to   space 1024K, 0% used [0x00000000d6e80000,0x00000000d6e80000,0x00000000d6f80000)
 ParOldGen       total 68608K, used 51946K [0x0000000080000000, 0x0000000084300000, 0x00000000d5580000)
  object space 68608K, 75% used [0x0000000080000000,0x00000000832bab00,0x0000000084300000)
 Metaspace       used 59776K, committed 61184K, reserved 1114112K
  class space    used 6782K, committed 7424K, reserved 1048576K
}
Event: 21.305 GC heap after
{Heap after GC invocations=41 (full 3):
 PSYoungGen      total 17408K, used 608K [0x00000000d5580000, 0x00000000d6f80000, 0x0000000100000000)
  eden space 16384K, 0% used [0x00000000d5580000,0x00000000d5580000,0x00000000d6580000)
  from space 1024K, 59% used [0x00000000d6e80000,0x00000000d6f18000,0x00000000d6f80000)
  to   space 1024K, 0% used [0x00000000d6d80000,0x00000000d6d80000,0x00000000d6e80000)
 ParOldGen       total 68608K, used 52315K [0x0000000080000000, 0x0000000084300000, 0x00000000d5580000)
  object space 68608K, 76% used [0x0000000080000000,0x0000000083316ea0,0x0000000084300000)
 Metaspace       used 59776K, committed 61184K, reserved 1114112K
  class space    used 6782K, committed 7424K, reserved 1048576K
}
Event: 21.468 GC heap before
{Heap before GC invocations=42 (full 3):
 PSYoungGen      total 17408K, used 16992K [0x00000000d5580000, 0x00000000d6f80000, 0x0000000100000000)
  eden space 16384K, 100% used [0x00000000d5580000,0x00000000d6580000,0x00000000d6580000)
  from space 1024K, 59% used [0x00000000d6e80000,0x00000000d6f18000,0x00000000d6f80000)
  to   space 1024K, 0% used [0x00000000d6d80000,0x00000000d6d80000,0x00000000d6e80000)
 ParOldGen       total 68608K, used 52315K [0x0000000080000000, 0x0000000084300000, 0x00000000d5580000)
  object space 68608K, 76% used [0x0000000080000000,0x0000000083316ea0,0x0000000084300000)
 Metaspace       used 59780K, committed 61184K, reserved 1114112K
  class space    used 6782K, committed 7424K, reserved 1048576K
}
Event: 21.469 GC heap after
{Heap after GC invocations=42 (full 3):
 PSYoungGen      total 17408K, used 640K [0x00000000d5580000, 0x00000000d6f00000, 0x0000000100000000)
  eden space 16384K, 0% used [0x00000000d5580000,0x00000000d5580000,0x00000000d6580000)
  from space 1024K, 62% used [0x00000000d6d80000,0x00000000d6e20000,0x00000000d6e80000)
  to   space 512K, 0% used [0x00000000d6e80000,0x00000000d6e80000,0x00000000d6f00000)
 ParOldGen       total 68608K, used 52723K [0x0000000080000000, 0x0000000084300000, 0x00000000d5580000)
  object space 68608K, 76% used [0x0000000080000000,0x000000008337cea0,0x0000000084300000)
 Metaspace       used 59780K, committed 61184K, reserved 1114112K
  class space    used 6782K, committed 7424K, reserved 1048576K
}
Event: 21.569 GC heap before
{Heap before GC invocations=43 (full 3):
 PSYoungGen      total 17408K, used 17024K [0x00000000d5580000, 0x00000000d6f00000, 0x0000000100000000)
  eden space 16384K, 100% used [0x00000000d5580000,0x00000000d6580000,0x00000000d6580000)
  from space 1024K, 62% used [0x00000000d6d80000,0x00000000d6e20000,0x00000000d6e80000)
  to   space 512K, 0% used [0x00000000d6e80000,0x00000000d6e80000,0x00000000d6f00000)
 ParOldGen       total 68608K, used 52723K [0x0000000080000000, 0x0000000084300000, 0x00000000d5580000)
  object space 68608K, 76% used [0x0000000080000000,0x000000008337cea0,0x0000000084300000)
 Metaspace       used 59884K, committed 61312K, reserved 1114112K
  class space    used 6794K, committed 7424K, reserved 1048576K
}
Event: 21.570 GC heap after
{Heap after GC invocations=43 (full 3):
 PSYoungGen      total 16896K, used 498K [0x00000000d5580000, 0x00000000d6f80000, 0x0000000100000000)
  eden space 16384K, 0% used [0x00000000d5580000,0x00000000d5580000,0x00000000d6580000)
  from space 512K, 97% used [0x00000000d6e80000,0x00000000d6efcb38,0x00000000d6f00000)
  to   space 5120K, 0% used [0x00000000d6580000,0x00000000d6580000,0x00000000d6a80000)
 ParOldGen       total 68608K, used 56411K [0x0000000080000000, 0x0000000084300000, 0x00000000d5580000)
  object space 68608K, 82% used [0x0000000080000000,0x0000000083716e58,0x0000000084300000)
 Metaspace       used 59884K, committed 61312K, reserved 1114112K
  class space    used 6794K, committed 7424K, reserved 1048576K
}
Event: 21.735 GC heap before
{Heap before GC invocations=44 (full 3):
 PSYoungGen      total 16896K, used 16882K [0x00000000d5580000, 0x00000000d6f80000, 0x0000000100000000)
  eden space 16384K, 100% used [0x00000000d5580000,0x00000000d6580000,0x00000000d6580000)
  from space 512K, 97% used [0x00000000d6e80000,0x00000000d6efcb38,0x00000000d6f00000)
  to   space 5120K, 0% used [0x00000000d6580000,0x00000000d6580000,0x00000000d6a80000)
 ParOldGen       total 68608K, used 56411K [0x0000000080000000, 0x0000000084300000, 0x00000000d5580000)
  object space 68608K, 82% used [0x0000000080000000,0x0000000083716e58,0x0000000084300000)
 Metaspace       used 60933K, committed 62336K, reserved 1114112K
  class space    used 7006K, committed 7616K, reserved 1048576K
}
Event: 21.735 GC heap after
{Heap after GC invocations=44 (full 3):
 PSYoungGen      total 21504K, used 960K [0x00000000d5580000, 0x00000000d6f00000, 0x0000000100000000)
  eden space 16384K, 0% used [0x00000000d5580000,0x00000000d5580000,0x00000000d6580000)
  from space 5120K, 18% used [0x00000000d6580000,0x00000000d6670000,0x00000000d6a80000)
  to   space 2560K, 0% used [0x00000000d6c80000,0x00000000d6c80000,0x00000000d6f00000)
 ParOldGen       total 68608K, used 56939K [0x0000000080000000, 0x0000000084300000, 0x00000000d5580000)
  object space 68608K, 82% used [0x0000000080000000,0x000000008379aff0,0x0000000084300000)
 Metaspace       used 60933K, committed 62336K, reserved 1114112K
  class space    used 7006K, committed 7616K, reserved 1048576K
}
Event: 21.853 GC heap before
{Heap before GC invocations=45 (full 3):
 PSYoungGen      total 21504K, used 17344K [0x00000000d5580000, 0x00000000d6f00000, 0x0000000100000000)
  eden space 16384K, 100% used [0x00000000d5580000,0x00000000d6580000,0x00000000d6580000)
  from space 5120K, 18% used [0x00000000d6580000,0x00000000d6670000,0x00000000d6a80000)
  to   space 2560K, 0% used [0x00000000d6c80000,0x00000000d6c80000,0x00000000d6f00000)
 ParOldGen       total 68608K, used 56939K [0x0000000080000000, 0x0000000084300000, 0x00000000d5580000)
  object space 68608K, 82% used [0x0000000080000000,0x000000008379aff0,0x0000000084300000)
 Metaspace       used 62871K, committed 64320K, reserved 1114112K
  class space    used 7307K, committed 7936K, reserved 1048576K
}
Event: 21.854 GC heap after
{Heap after GC invocations=45 (full 3):
 PSYoungGen      total 17408K, used 544K [0x00000000d5580000, 0x00000000d6d80000, 0x0000000100000000)
  eden space 16384K, 0% used [0x00000000d5580000,0x00000000d5580000,0x00000000d6580000)
  from space 1024K, 53% used [0x00000000d6c80000,0x00000000d6d08000,0x00000000d6d80000)
  to   space 1024K, 0% used [0x00000000d6b80000,0x00000000d6b80000,0x00000000d6c80000)
 ParOldGen       total 68608K, used 57724K [0x0000000080000000, 0x0000000084300000, 0x00000000d5580000)
  object space 68608K, 84% used [0x0000000080000000,0x000000008385f030,0x0000000084300000)
 Metaspace       used 62871K, committed 64320K, reserved 1114112K
  class space    used 7307K, committed 7936K, reserved 1048576K
}
Event: 21.995 GC heap before
{Heap before GC invocations=46 (full 3):
 PSYoungGen      total 17408K, used 16928K [0x00000000d5580000, 0x00000000d6d80000, 0x0000000100000000)
  eden space 16384K, 100% used [0x00000000d5580000,0x00000000d6580000,0x00000000d6580000)
  from space 1024K, 53% used [0x00000000d6c80000,0x00000000d6d08000,0x00000000d6d80000)
  to   space 1024K, 0% used [0x00000000d6b80000,0x00000000d6b80000,0x00000000d6c80000)
 ParOldGen       total 68608K, used 57724K [0x0000000080000000, 0x0000000084300000, 0x00000000d5580000)
  object space 68608K, 84% used [0x0000000080000000,0x000000008385f030,0x0000000084300000)
 Metaspace       used 64738K, committed 66304K, reserved 1114112K
  class space    used 7617K, committed 8320K, reserved 1048576K
}
Event: 21.996 GC heap after
{Heap after GC invocations=46 (full 3):
 PSYoungGen      total 17408K, used 800K [0x00000000d5580000, 0x00000000d6d00000, 0x0000000100000000)
  eden space 16384K, 0% used [0x00000000d5580000,0x00000000d5580000,0x00000000d6580000)
  from space 1024K, 78% used [0x00000000d6b80000,0x00000000d6c48000,0x00000000d6c80000)
  to   space 512K, 0% used [0x00000000d6c80000,0x00000000d6c80000,0x00000000d6d00000)
 ParOldGen       total 68608K, used 58116K [0x0000000080000000, 0x0000000084300000, 0x00000000d5580000)
  object space 68608K, 84% used [0x0000000080000000,0x00000000838c1030,0x0000000084300000)
 Metaspace       used 64738K, committed 66304K, reserved 1114112K
  class space    used 7617K, committed 8320K, reserved 1048576K
}
Event: 23.673 GC heap before
{Heap before GC invocations=47 (full 3):
 PSYoungGen      total 17408K, used 17184K [0x00000000d5580000, 0x00000000d6d00000, 0x0000000100000000)
  eden space 16384K, 100% used [0x00000000d5580000,0x00000000d6580000,0x00000000d6580000)
  from space 1024K, 78% used [0x00000000d6b80000,0x00000000d6c48000,0x00000000d6c80000)
  to   space 512K, 0% used [0x00000000d6c80000,0x00000000d6c80000,0x00000000d6d00000)
 ParOldGen       total 68608K, used 58116K [0x0000000080000000, 0x0000000084300000, 0x00000000d5580000)
  object space 68608K, 84% used [0x0000000080000000,0x00000000838c1030,0x0000000084300000)
 Metaspace       used 66301K, committed 67904K, reserved 1114112K
  class space    used 7854K, committed 8576K, reserved 1048576K
}
Event: 23.673 GC heap after
{Heap after GC invocations=47 (full 3):
 PSYoungGen      total 16896K, used 480K [0x00000000d5580000, 0x00000000d6d00000, 0x0000000100000000)
  eden space 16384K, 0% used [0x00000000d5580000,0x00000000d5580000,0x00000000d6580000)
  from space 512K, 93% used [0x00000000d6c80000,0x00000000d6cf8010,0x00000000d6d00000)
  to   space 1536K, 0% used [0x00000000d6a00000,0x00000000d6a00000,0x00000000d6b80000)
 ParOldGen       total 68608K, used 58723K [0x0000000080000000, 0x0000000084300000, 0x00000000d5580000)
  object space 68608K, 85% used [0x0000000080000000,0x0000000083958d40,0x0000000084300000)
 Metaspace       used 66301K, committed 67904K, reserved 1114112K
  class space    used 7854K, committed 8576K, reserved 1048576K
}

